#
# There is insufficient memory for the Java Runtime Environment to continue.
# Native memory allocation (malloc) failed to allocate 948016 bytes for Chunk::new
# Possible reasons:
#   The system is out of physical RAM or swap space
#   The process is running with CompressedOops enabled, and the Java Heap may be blocking the growth of the native heap
# Possible solutions:
#   Reduce memory load on the system
#   Increase physical memory or swap space
#   Check if swap backing store is full
#   Decrease Java heap size (-Xmx/-Xms)
#   Decrease number of Java threads
#   Decrease Java thread stack sizes (-Xss)
#   Set larger code cache with -XX:ReservedCodeCacheSize=
#   JVM is running with Unscaled Compressed Oops mode in which the Java heap is
#     placed in the first 4GB address space. The Java Heap base address is the
#     maximum limit for the native heap growth. Please use -XX:HeapBaseMinAddress
#     to set the Java Heap base and to place the Java Heap above 4GB virtual address.
# This output file may be truncated or incomplete.
#
#  Out of Memory Error (arena.cpp:189), pid=17032, tid=9600
#
# JRE version: OpenJDK Runtime Environment (17.0.6) (build 17.0.6+0-b2043.56-10027231)
# Java VM: OpenJDK 64-Bit Server VM (17.0.6+0-b2043.56-10027231, mixed mode, tiered, compressed oops, compressed class ptrs, g1 gc, windows-amd64)
# No core dump will be written. Minidumps are not enabled by default on client versions of Windows
#

---------------  S U M M A R Y ------------

Command Line: --add-opens=java.base/java.util=ALL-UNNAMED --add-opens=java.base/java.lang=ALL-UNNAMED --add-opens=java.base/java.lang.invoke=ALL-UNNAMED --add-opens=java.prefs/java.util.prefs=ALL-UNNAMED --add-opens=java.base/java.nio.charset=ALL-UNNAMED --add-opens=java.base/java.net=ALL-UNNAMED --add-opens=java.base/java.util.concurrent.atomic=ALL-UNNAMED -Xmx2048m -Dfile.encoding=UTF-8 -Duser.country=US -Duser.language=en -Duser.variant org.gradle.launcher.daemon.bootstrap.GradleDaemon 8.0

Host: AMD Ryzen 5 2600 Six-Core Processor            , 12 cores, 15G,  Windows 11 , 64 bit Build 22621 (10.0.22621.2506)
Time: Sat Nov 25 11:41:33 2023 South Africa Standard Time elapsed time: 14.151998 seconds (0d 0h 0m 14s)

---------------  T H R E A D  ---------------

Current thread (0x0000027c19c9b220):  JavaThread "C2 CompilerThread0" daemon [_thread_in_native, id=9600, stack(0x0000008fa2600000,0x0000008fa2700000)]


Current CompileTask:
C2:  14152 3818       4       org.objectweb.asm.Frame::execute (2318 bytes)

Stack: [0x0000008fa2600000,0x0000008fa2700000]
Native frames: (J=compiled Java code, j=interpreted, Vv=VM code, C=native code)
V  [jvm.dll+0x683c9a]
V  [jvm.dll+0x8427a4]
V  [jvm.dll+0x843f9e]
V  [jvm.dll+0x844603]
V  [jvm.dll+0x249b75]
V  [jvm.dll+0xabcac]
V  [jvm.dll+0xac27c]
V  [jvm.dll+0x368802]
V  [jvm.dll+0x1bd0b8]
V  [jvm.dll+0x21c359]
V  [jvm.dll+0x21b621]
V  [jvm.dll+0x1a4fdd]
V  [jvm.dll+0x22b098]
V  [jvm.dll+0x229159]
V  [jvm.dll+0x7f81ec]
V  [jvm.dll+0x7f274a]
V  [jvm.dll+0x682ad5]
C  [ucrtbase.dll+0x29363]
C  [KERNEL32.DLL+0x1257d]
C  [ntdll.dll+0x5aa58]


---------------  P R O C E S S  ---------------

Threads class SMR info:
_java_thread_list=0x0000027c1db79690, length=40, elements={
0x0000027c7cf2cfb0, 0x0000027c19c49280, 0x0000027c19c4b100, 0x0000027c19c8f7c0,
0x0000027c19c91380, 0x0000027c19c91f30, 0x0000027c19c948f0, 0x0000027c19c9b220,
0x0000027c19ca6c00, 0x0000027c19cb1ce0, 0x0000027c19e2a6f0, 0x0000027c19e3d060,
0x0000027c1cea3290, 0x0000027c1b60fa30, 0x0000027c1c94dff0, 0x0000027c1c8aba10,
0x0000027c1c5e5370, 0x0000027c1b094fd0, 0x0000027c1a3cca00, 0x0000027c1b7006e0,
0x0000027c1b700210, 0x0000027c1b701a20, 0x0000027c1b701080, 0x0000027c1b6fe530,
0x0000027c1ce823f0, 0x0000027c1b6fea00, 0x0000027c1b6ff870, 0x0000027c1b6feed0,
0x0000027c1b6ff3a0, 0x0000027c1b6ffd40, 0x0000027c1b700bb0, 0x0000027c1dbff8d0,
0x0000027c1dbfc3e0, 0x0000027c1dbff400, 0x0000027c1dbffda0, 0x0000027c1dc00270,
0x0000027c1de7d9e0, 0x0000027c1dbfea60, 0x0000027c1dbfef30, 0x0000027c1dc00c10
}

Java Threads: ( => current thread )
  0x0000027c7cf2cfb0 JavaThread "main" [_thread_blocked, id=3268, stack(0x0000008fa1900000,0x0000008fa1a00000)]
  0x0000027c19c49280 JavaThread "Reference Handler" daemon [_thread_blocked, id=27616, stack(0x0000008fa2000000,0x0000008fa2100000)]
  0x0000027c19c4b100 JavaThread "Finalizer" daemon [_thread_blocked, id=24076, stack(0x0000008fa2100000,0x0000008fa2200000)]
  0x0000027c19c8f7c0 JavaThread "Signal Dispatcher" daemon [_thread_blocked, id=6872, stack(0x0000008fa2200000,0x0000008fa2300000)]
  0x0000027c19c91380 JavaThread "Attach Listener" daemon [_thread_blocked, id=8860, stack(0x0000008fa2300000,0x0000008fa2400000)]
  0x0000027c19c91f30 JavaThread "Service Thread" daemon [_thread_blocked, id=17888, stack(0x0000008fa2400000,0x0000008fa2500000)]
  0x0000027c19c948f0 JavaThread "Monitor Deflation Thread" daemon [_thread_blocked, id=25252, stack(0x0000008fa2500000,0x0000008fa2600000)]
=>0x0000027c19c9b220 JavaThread "C2 CompilerThread0" daemon [_thread_in_native, id=9600, stack(0x0000008fa2600000,0x0000008fa2700000)]
  0x0000027c19ca6c00 JavaThread "C1 CompilerThread0" daemon [_thread_blocked, id=16392, stack(0x0000008fa2700000,0x0000008fa2800000)]
  0x0000027c19cb1ce0 JavaThread "Sweeper thread" daemon [_thread_blocked, id=26052, stack(0x0000008fa2800000,0x0000008fa2900000)]
  0x0000027c19e2a6f0 JavaThread "Common-Cleaner" daemon [_thread_blocked, id=26352, stack(0x0000008fa2900000,0x0000008fa2a00000)]
  0x0000027c19e3d060 JavaThread "Notification Thread" daemon [_thread_blocked, id=26084, stack(0x0000008fa2a00000,0x0000008fa2b00000)]
  0x0000027c1cea3290 JavaThread "Daemon health stats" [_thread_blocked, id=25556, stack(0x0000008fa3300000,0x0000008fa3400000)]
  0x0000027c1b60fa30 JavaThread "Incoming local TCP Connector on port 58594" [_thread_in_native, id=26560, stack(0x0000008fa2c00000,0x0000008fa2d00000)]
  0x0000027c1c94dff0 JavaThread "Daemon periodic checks" [_thread_blocked, id=21312, stack(0x0000008fa3200000,0x0000008fa3300000)]
  0x0000027c1c8aba10 JavaThread "Daemon" [_thread_blocked, id=23856, stack(0x0000008fa3400000,0x0000008fa3500000)]
  0x0000027c1c5e5370 JavaThread "Handler for socket connection from /127.0.0.1:58594 to /127.0.0.1:58596" [_thread_in_native, id=17040, stack(0x0000008fa3500000,0x0000008fa3600000)]
  0x0000027c1b094fd0 JavaThread "Cancel handler" [_thread_blocked, id=19676, stack(0x0000008fa3600000,0x0000008fa3700000)]
  0x0000027c1a3cca00 JavaThread "Daemon worker" [_thread_blocked, id=8696, stack(0x0000008fa3700000,0x0000008fa3800000)]
  0x0000027c1b7006e0 JavaThread "Asynchronous log dispatcher for DefaultDaemonConnection: socket connection from /127.0.0.1:58594 to /127.0.0.1:58596" [_thread_blocked, id=7456, stack(0x0000008fa3800000,0x0000008fa3900000)]
  0x0000027c1b700210 JavaThread "Stdin handler" [_thread_blocked, id=20604, stack(0x0000008fa3900000,0x0000008fa3a00000)]
  0x0000027c1b701a20 JavaThread "Daemon client event forwarder" [_thread_blocked, id=25920, stack(0x0000008fa3a00000,0x0000008fa3b00000)]
  0x0000027c1b701080 JavaThread "Cache worker for journal cache (C:\Users\cazterk\.gradle\caches\journal-1)" [_thread_blocked, id=24724, stack(0x0000008fa4100000,0x0000008fa4200000)]
  0x0000027c1b6fe530 JavaThread "File lock request listener" [_thread_in_native, id=16684, stack(0x0000008fa4200000,0x0000008fa4300000)]
  0x0000027c1ce823f0 JavaThread "C2 CompilerThread1" daemon [_thread_in_native, id=19004, stack(0x0000008fa4300000,0x0000008fa4400000)]
  0x0000027c1b6fea00 JavaThread "Cache worker for file hash cache (C:\Users\cazterk\.gradle\caches\8.0\fileHashes)" [_thread_blocked, id=26024, stack(0x0000008fa4400000,0x0000008fa4500000)]
  0x0000027c1b6ff870 JavaThread "File watcher server" daemon [_thread_in_native, id=25120, stack(0x0000008fa4600000,0x0000008fa4700000)]
  0x0000027c1b6feed0 JavaThread "File watcher consumer" daemon [_thread_blocked, id=24168, stack(0x0000008fa4700000,0x0000008fa4800000)]
  0x0000027c1b6ff3a0 JavaThread "Cache worker for checksums cache (F:\mobile\meetapp\.gradle\8.0\checksums)" [_thread_blocked, id=26924, stack(0x0000008fa4800000,0x0000008fa4900000)]
  0x0000027c1b6ffd40 JavaThread "Cache worker for cache directory md-rule (C:\Users\cazterk\.gradle\caches\8.0\md-rule)" [_thread_blocked, id=23204, stack(0x0000008fa4900000,0x0000008fa4a00000)]
  0x0000027c1b700bb0 JavaThread "Cache worker for file content cache (C:\Users\cazterk\.gradle\caches\8.0\fileContent)" [_thread_blocked, id=16408, stack(0x0000008fa4a00000,0x0000008fa4b00000)]
  0x0000027c1dbff8d0 JavaThread "Cache worker for file hash cache (F:\mobile\meetapp\.gradle\8.0\fileHashes)" [_thread_blocked, id=6368, stack(0x0000008fa4b00000,0x0000008fa4c00000)]
  0x0000027c1dbfc3e0 JavaThread "Cache worker for cache directory md-supplier (C:\Users\cazterk\.gradle\caches\8.0\md-supplier)" [_thread_blocked, id=17924, stack(0x0000008fa4c00000,0x0000008fa4d00000)]
  0x0000027c1dbff400 JavaThread "Cache worker for execution history cache (C:\Users\cazterk\.gradle\caches\8.0\executionHistory)" [_thread_blocked, id=14020, stack(0x0000008fa4d00000,0x0000008fa4e00000)]
  0x0000027c1dbffda0 JavaThread "jar transforms" [_thread_blocked, id=5080, stack(0x0000008fa4500000,0x0000008fa4600000)]
  0x0000027c1dc00270 JavaThread "jar transforms Thread 2" [_thread_blocked, id=15644, stack(0x0000008fa4e00000,0x0000008fa4f00000)]
  0x0000027c1de7d9e0 JavaThread "C2 CompilerThread2" daemon [_thread_in_native, id=24388, stack(0x0000008fa4f00000,0x0000008fa5000000)]
  0x0000027c1dbfea60 JavaThread "jar transforms Thread 3" [_thread_blocked, id=24564, stack(0x0000008fa5000000,0x0000008fa5100000)]
  0x0000027c1dbfef30 JavaThread "jar transforms Thread 4" [_thread_blocked, id=24612, stack(0x0000008fa5100000,0x0000008fa5200000)]
  0x0000027c1dc00c10 JavaThread "Cache worker for dependencies-accessors (F:\mobile\meetapp\.gradle\8.0\dependencies-accessors)" [_thread_blocked, id=25220, stack(0x0000008fa5200000,0x0000008fa5300000)]

Other Threads:
  0x0000027c1939e440 VMThread "VM Thread" [stack: 0x0000008fa1f00000,0x0000008fa2000000] [id=25008]
  0x0000027c7f07fe20 WatcherThread [stack: 0x0000008fa2b00000,0x0000008fa2c00000] [id=27508]
  0x0000027c7f05d300 GCTaskThread "GC Thread#0" [stack: 0x0000008fa1a00000,0x0000008fa1b00000] [id=26096]
  0x0000027c1ab64cd0 GCTaskThread "GC Thread#1" [stack: 0x0000008fa2d00000,0x0000008fa2e00000] [id=24212]
  0x0000027c1ab65390 GCTaskThread "GC Thread#2" [stack: 0x0000008fa2e00000,0x0000008fa2f00000] [id=10272]
  0x0000027c1acc8d10 GCTaskThread "GC Thread#3" [stack: 0x0000008fa2f00000,0x0000008fa3000000] [id=23972]
  0x0000027c1acc8fc0 GCTaskThread "GC Thread#4" [stack: 0x0000008fa3000000,0x0000008fa3100000] [id=16452]
  0x0000027c1a7281c0 GCTaskThread "GC Thread#5" [stack: 0x0000008fa3100000,0x0000008fa3200000] [id=25800]
  0x0000027c1b866050 GCTaskThread "GC Thread#6" [stack: 0x0000008fa3b00000,0x0000008fa3c00000] [id=6504]
  0x0000027c1b6d3800 GCTaskThread "GC Thread#7" [stack: 0x0000008fa3c00000,0x0000008fa3d00000] [id=13964]
  0x0000027c1b8c8c20 GCTaskThread "GC Thread#8" [stack: 0x0000008fa3d00000,0x0000008fa3e00000] [id=23460]
  0x0000027c1b5490c0 GCTaskThread "GC Thread#9" [stack: 0x0000008fa3e00000,0x0000008fa3f00000] [id=21108]
  0x0000027c7f06e240 ConcurrentGCThread "G1 Main Marker" [stack: 0x0000008fa1b00000,0x0000008fa1c00000] [id=12156]
  0x0000027c7f06f3f0 ConcurrentGCThread "G1 Conc#0" [stack: 0x0000008fa1c00000,0x0000008fa1d00000] [id=26016]
  0x0000027c1a5e3b70 ConcurrentGCThread "G1 Conc#1" [stack: 0x0000008fa3f00000,0x0000008fa4000000] [id=13144]
  0x0000027c1c626520 ConcurrentGCThread "G1 Conc#2" [stack: 0x0000008fa4000000,0x0000008fa4100000] [id=20356]
  0x0000027c7f0be2a0 ConcurrentGCThread "G1 Refine#0" [stack: 0x0000008fa1d00000,0x0000008fa1e00000] [id=26804]
  0x0000027c7f0becc0 ConcurrentGCThread "G1 Service" [stack: 0x0000008fa1e00000,0x0000008fa1f00000] [id=27224]

Threads with active compile tasks:
C2 CompilerThread0    14203 3818       4       org.objectweb.asm.Frame::execute (2318 bytes)
C2 CompilerThread1    14203 3953       4       java.security.CodeSource::<init> (52 bytes)
C2 CompilerThread2    14203 3987       4       java.lang.PublicMethods::merge (81 bytes)

VM state: not at safepoint (normal execution)

VM Mutex/Monitor currently owned by a thread: None

Heap address: 0x0000000080000000, size: 2048 MB, Compressed Oops mode: 32-bit

CDS archive(s) not mapped
Compressed class space mapped at: 0x0000000100000000-0x0000000140000000, reserved size: 1073741824
Narrow klass base: 0x0000000000000000, Narrow klass shift: 3, Narrow klass range: 0x140000000

GC Precious Log:
 CPUs: 12 total, 12 available
 Memory: 16310M
 Large Page Support: Disabled
 NUMA Support: Disabled
 Compressed Oops: Enabled (32-bit)
 Heap Region Size: 1M
 Heap Min Capacity: 8M
 Heap Initial Capacity: 256M
 Heap Max Capacity: 2G
 Pre-touch: Disabled
 Parallel Workers: 10
 Concurrent Workers: 3
 Concurrent Refinement Workers: 10
 Periodic GC: Disabled

Heap:
 garbage-first heap   total 68608K, used 32197K [0x0000000080000000, 0x0000000100000000)
  region size 1024K, 4 young (4096K), 3 survivors (3072K)
 Metaspace       used 44396K, committed 44864K, reserved 1089536K
  class space    used 5860K, committed 6080K, reserved 1048576K

Heap Regions: E=young(eden), S=young(survivor), O=old, HS=humongous(starts), HC=humongous(continues), CS=collection set, F=free, OA=open archive, CA=closed archive, TAMS=top-at-mark-start (previous, next)
|   0|0x0000000080000000, 0x0000000080100000, 0x0000000080100000|100%|HS|  |TAMS 0x0000000080100000, 0x0000000080000000| Complete 
|   1|0x0000000080100000, 0x0000000080200000, 0x0000000080200000|100%|HC|  |TAMS 0x0000000080200000, 0x0000000080100000| Complete 
|   2|0x0000000080200000, 0x0000000080300000, 0x0000000080300000|100%|HC|  |TAMS 0x0000000080300000, 0x0000000080200000| Complete 
|   3|0x0000000080300000, 0x0000000080400000, 0x0000000080400000|100%|HC|  |TAMS 0x0000000080400000, 0x0000000080300000| Complete 
|   4|0x0000000080400000, 0x0000000080500000, 0x0000000080500000|100%| O|  |TAMS 0x0000000080500000, 0x0000000080400000| Untracked 
|   5|0x0000000080500000, 0x0000000080600000, 0x0000000080600000|100%| O|  |TAMS 0x0000000080600000, 0x0000000080500000| Untracked 
|   6|0x0000000080600000, 0x0000000080700000, 0x0000000080700000|100%| O|  |TAMS 0x0000000080700000, 0x0000000080600000| Untracked 
|   7|0x0000000080700000, 0x0000000080800000, 0x0000000080800000|100%| O|  |TAMS 0x0000000080800000, 0x0000000080700000| Untracked 
|   8|0x0000000080800000, 0x0000000080900000, 0x0000000080900000|100%| O|  |TAMS 0x0000000080900000, 0x0000000080800000| Untracked 
|   9|0x0000000080900000, 0x0000000080a00000, 0x0000000080a00000|100%| O|  |TAMS 0x0000000080a00000, 0x0000000080900000| Untracked 
|  10|0x0000000080a00000, 0x0000000080b00000, 0x0000000080b00000|100%| O|  |TAMS 0x0000000080b00000, 0x0000000080a00000| Untracked 
|  11|0x0000000080b00000, 0x0000000080b57600, 0x0000000080c00000| 34%| O|  |TAMS 0x0000000080b57600, 0x0000000080b00000| Untracked 
|  12|0x0000000080c00000, 0x0000000080d00000, 0x0000000080d00000|100%| O|  |TAMS 0x0000000080d00000, 0x0000000080c00000| Untracked 
|  13|0x0000000080d00000, 0x0000000080e00000, 0x0000000080e00000|100%| O|  |TAMS 0x0000000080e00000, 0x0000000080d00000| Untracked 
|  14|0x0000000080e00000, 0x0000000080f00000, 0x0000000080f00000|100%| O|  |TAMS 0x0000000080f00000, 0x0000000080e00000| Untracked 
|  15|0x0000000080f00000, 0x0000000081000000, 0x0000000081000000|100%| O|  |TAMS 0x0000000081000000, 0x0000000080f00000| Untracked 
|  16|0x0000000081000000, 0x0000000081100000, 0x0000000081100000|100%| O|  |TAMS 0x0000000081100000, 0x0000000081000000| Untracked 
|  17|0x0000000081100000, 0x0000000081200000, 0x0000000081200000|100%| O|  |TAMS 0x0000000081200000, 0x0000000081100000| Untracked 
|  18|0x0000000081200000, 0x0000000081300000, 0x0000000081300000|100%| O|  |TAMS 0x0000000081300000, 0x0000000081200000| Untracked 
|  19|0x0000000081300000, 0x0000000081400000, 0x0000000081400000|100%| O|  |TAMS 0x0000000081400000, 0x0000000081300000| Untracked 
|  20|0x0000000081400000, 0x0000000081500000, 0x0000000081500000|100%| O|  |TAMS 0x000000008144ce00, 0x0000000081400000| Untracked 
|  21|0x0000000081500000, 0x0000000081600000, 0x0000000081600000|100%| O|  |TAMS 0x0000000081500000, 0x0000000081500000| Untracked 
|  22|0x0000000081600000, 0x0000000081700000, 0x0000000081700000|100%| O|  |TAMS 0x0000000081600000, 0x0000000081600000| Untracked 
|  23|0x0000000081700000, 0x0000000081800000, 0x0000000081800000|100%| O|  |TAMS 0x0000000081700000, 0x0000000081700000| Untracked 
|  24|0x0000000081800000, 0x0000000081900000, 0x0000000081900000|100%| O|  |TAMS 0x0000000081800000, 0x0000000081800000| Untracked 
|  25|0x0000000081900000, 0x00000000819fd000, 0x0000000081a00000| 98%| O|  |TAMS 0x0000000081900000, 0x0000000081900000| Untracked 
|  26|0x0000000081a00000, 0x0000000081a00000, 0x0000000081b00000|  0%| F|  |TAMS 0x0000000081a00000, 0x0000000081a00000| Untracked 
|  27|0x0000000081b00000, 0x0000000081c00000, 0x0000000081c00000|100%| O|  |TAMS 0x0000000081b00000, 0x0000000081b00000| Untracked 
|  28|0x0000000081c00000, 0x0000000081d00000, 0x0000000081d00000|100%| O|  |TAMS 0x0000000081c00000, 0x0000000081c00000| Untracked 
|  29|0x0000000081d00000, 0x0000000081e00000, 0x0000000081e00000|100%| O|  |TAMS 0x0000000081d00000, 0x0000000081d00000| Untracked 
|  30|0x0000000081e00000, 0x0000000081f00000, 0x0000000081f00000|100%| O|  |TAMS 0x0000000081e00000, 0x0000000081e00000| Untracked 
|  31|0x0000000081f00000, 0x0000000081f00000, 0x0000000082000000|  0%| F|  |TAMS 0x0000000081f00000, 0x0000000081f00000| Untracked 
|  32|0x0000000082000000, 0x0000000082000000, 0x0000000082100000|  0%| F|  |TAMS 0x0000000082000000, 0x0000000082000000| Untracked 
|  33|0x0000000082100000, 0x0000000082100000, 0x0000000082200000|  0%| F|  |TAMS 0x0000000082100000, 0x0000000082100000| Untracked 
|  34|0x0000000082200000, 0x0000000082200000, 0x0000000082300000|  0%| F|  |TAMS 0x0000000082200000, 0x0000000082200000| Untracked 
|  35|0x0000000082300000, 0x0000000082300000, 0x0000000082400000|  0%| F|  |TAMS 0x0000000082300000, 0x0000000082300000| Untracked 
|  36|0x0000000082400000, 0x0000000082400000, 0x0000000082500000|  0%| F|  |TAMS 0x0000000082400000, 0x0000000082400000| Untracked 
|  37|0x0000000082500000, 0x0000000082500000, 0x0000000082600000|  0%| F|  |TAMS 0x0000000082500000, 0x0000000082500000| Untracked 
|  38|0x0000000082600000, 0x0000000082600000, 0x0000000082700000|  0%| F|  |TAMS 0x0000000082600000, 0x0000000082600000| Untracked 
|  39|0x0000000082700000, 0x0000000082700000, 0x0000000082800000|  0%| F|  |TAMS 0x0000000082700000, 0x0000000082700000| Untracked 
|  40|0x0000000082800000, 0x000000008281ce40, 0x0000000082900000| 11%| S|CS|TAMS 0x0000000082800000, 0x0000000082800000| Complete 
|  41|0x0000000082900000, 0x0000000082900000, 0x0000000082a00000|  0%| F|  |TAMS 0x0000000082900000, 0x0000000082900000| Untracked 
|  42|0x0000000082a00000, 0x0000000082a00000, 0x0000000082b00000|  0%| F|  |TAMS 0x0000000082a00000, 0x0000000082a00000| Untracked 
|  43|0x0000000082b00000, 0x0000000082b00000, 0x0000000082c00000|  0%| F|  |TAMS 0x0000000082b00000, 0x0000000082b00000| Untracked 
|  44|0x0000000082c00000, 0x0000000082d00000, 0x0000000082d00000|100%| S|CS|TAMS 0x0000000082c00000, 0x0000000082c00000| Complete 
|  45|0x0000000082d00000, 0x0000000082e00000, 0x0000000082e00000|100%| S|CS|TAMS 0x0000000082d00000, 0x0000000082d00000| Complete 
|  46|0x0000000082e00000, 0x0000000082e00000, 0x0000000082f00000|  0%| F|  |TAMS 0x0000000082e00000, 0x0000000082e00000| Untracked 
|  47|0x0000000082f00000, 0x0000000082f00000, 0x0000000083000000|  0%| F|  |TAMS 0x0000000082f00000, 0x0000000082f00000| Untracked 
|  48|0x0000000083000000, 0x0000000083000000, 0x0000000083100000|  0%| F|  |TAMS 0x0000000083000000, 0x0000000083000000| Untracked 
|  49|0x0000000083100000, 0x0000000083100000, 0x0000000083200000|  0%| F|  |TAMS 0x0000000083100000, 0x0000000083100000| Untracked 
|  50|0x0000000083200000, 0x0000000083200000, 0x0000000083300000|  0%| F|  |TAMS 0x0000000083200000, 0x0000000083200000| Untracked 
|  51|0x0000000083300000, 0x0000000083300000, 0x0000000083400000|  0%| F|  |TAMS 0x0000000083300000, 0x0000000083300000| Untracked 
|  52|0x0000000083400000, 0x0000000083400000, 0x0000000083500000|  0%| F|  |TAMS 0x0000000083400000, 0x0000000083400000| Untracked 
|  53|0x0000000083500000, 0x0000000083500000, 0x0000000083600000|  0%| F|  |TAMS 0x0000000083500000, 0x0000000083500000| Untracked 
|  54|0x0000000083600000, 0x0000000083600000, 0x0000000083700000|  0%| F|  |TAMS 0x0000000083600000, 0x0000000083600000| Untracked 
|  55|0x0000000083700000, 0x0000000083700000, 0x0000000083800000|  0%| F|  |TAMS 0x0000000083700000, 0x0000000083700000| Untracked 
|  56|0x0000000083800000, 0x0000000083800000, 0x0000000083900000|  0%| F|  |TAMS 0x0000000083800000, 0x0000000083800000| Untracked 
|  57|0x0000000083900000, 0x0000000083900000, 0x0000000083a00000|  0%| F|  |TAMS 0x0000000083900000, 0x0000000083900000| Untracked 
| 207|0x000000008cf00000, 0x000000008cf00000, 0x000000008d000000|  0%| F|  |TAMS 0x000000008cf00000, 0x000000008cf00000| Untracked 
| 208|0x000000008d000000, 0x000000008d000000, 0x000000008d100000|  0%| F|  |TAMS 0x000000008d000000, 0x000000008d000000| Untracked 
| 209|0x000000008d100000, 0x000000008d100000, 0x000000008d200000|  0%| F|  |TAMS 0x000000008d100000, 0x000000008d100000| Untracked 
| 210|0x000000008d200000, 0x000000008d200000, 0x000000008d300000|  0%| F|  |TAMS 0x000000008d200000, 0x000000008d200000| Untracked 
| 211|0x000000008d300000, 0x000000008d300000, 0x000000008d400000|  0%| F|  |TAMS 0x000000008d300000, 0x000000008d300000| Untracked 
| 212|0x000000008d400000, 0x000000008d400000, 0x000000008d500000|  0%| F|  |TAMS 0x000000008d400000, 0x000000008d400000| Untracked 
| 213|0x000000008d500000, 0x000000008d500000, 0x000000008d600000|  0%| F|  |TAMS 0x000000008d500000, 0x000000008d500000| Untracked 
| 214|0x000000008d600000, 0x000000008d600000, 0x000000008d700000|  0%| F|  |TAMS 0x000000008d600000, 0x000000008d600000| Untracked 
| 255|0x000000008ff00000, 0x000000008ff70300, 0x0000000090000000| 43%| E|  |TAMS 0x000000008ff00000, 0x000000008ff00000| Complete 

Card table byte_map: [0x0000027c7fa20000,0x0000027c7fe20000] _byte_map_base: 0x0000027c7f620000

Marking Bits (Prev, Next): (CMBitMap*) 0x0000027c7f05d910, (CMBitMap*) 0x0000027c7f05d950
 Prev Bits: [0x0000027c12800000, 0x0000027c14800000)
 Next Bits: [0x0000027c14800000, 0x0000027c16800000)

Polling page: 0x0000027c7e7c0000

Metaspace:

Usage:
  Non-class:     37.64 MB used.
      Class:      5.72 MB used.
       Both:     43.37 MB used.

Virtual space:
  Non-class space:       40.00 MB reserved,      37.88 MB ( 95%) committed,  5 nodes.
      Class space:        1.00 GB reserved,       5.94 MB ( <1%) committed,  1 nodes.
             Both:        1.04 GB reserved,      43.81 MB (  4%) committed. 

Chunk freelists:
   Non-Class:  1.72 MB
       Class:  2.04 MB
        Both:  3.76 MB

MaxMetaspaceSize: unlimited
CompressedClassSpaceSize: 1.00 GB
Initial GC threshold: 21.00 MB
Current GC threshold: 58.75 MB
CDS: off
MetaspaceReclaimPolicy: balanced
 - commit_granule_bytes: 65536.
 - commit_granule_words: 8192.
 - virtual_space_node_default_size: 1048576.
 - enlarge_chunks_in_place: 1.
 - new_chunks_are_fully_committed: 0.
 - uncommit_free_chunks: 1.
 - use_allocation_guard: 0.
 - handle_deallocations: 1.


Internal statistics:

num_allocs_failed_limit: 6.
num_arena_births: 356.
num_arena_deaths: 0.
num_vsnodes_births: 6.
num_vsnodes_deaths: 0.
num_space_committed: 701.
num_space_uncommitted: 0.
num_chunks_returned_to_freelist: 6.
num_chunks_taken_from_freelist: 1648.
num_chunk_merges: 6.
num_chunk_splits: 1084.
num_chunks_enlarged: 772.
num_purges: 0.
num_inconsistent_stats: 0.

CodeHeap 'non-profiled nmethods': size=120000Kb used=2210Kb max_used=2210Kb free=117790Kb
 bounds [0x0000027c0aed0000, 0x0000027c0b140000, 0x0000027c12400000]
CodeHeap 'profiled nmethods': size=120000Kb used=8332Kb max_used=8332Kb free=111668Kb
 bounds [0x0000027c03400000, 0x0000027c03c30000, 0x0000027c0a930000]
CodeHeap 'non-nmethods': size=5760Kb used=2286Kb max_used=2327Kb free=3474Kb
 bounds [0x0000027c0a930000, 0x0000027c0aba0000, 0x0000027c0aed0000]
 total_blobs=4795 nmethods=4002 adapters=705
 compilation: enabled
              stopped_count=0, restarted_count=0
 full_count=0

Compilation events (20 events):
Event: 14.143 Thread 0x0000027c1de7d9e0 nmethod 3962 0x0000027c0b0f7410 code [0x0000027c0b0f7580, 0x0000027c0b0f7618]
Event: 14.143 Thread 0x0000027c1de7d9e0 3960       4       java.lang.Class::getInterfaces (49 bytes)
Event: 14.144 Thread 0x0000027c19ca6c00 nmethod 3964 0x0000027c03bf6590 code [0x0000027c03bf67a0, 0x0000027c03bf6c88]
Event: 14.144 Thread 0x0000027c19ca6c00 3965       3       org.gradle.internal.instantiation.generator.AbstractClassGenerator::access$1800 (5 bytes)
Event: 14.144 Thread 0x0000027c19ca6c00 nmethod 3965 0x0000027c03bf6e90 code [0x0000027c03bf70a0, 0x0000027c03bf7668]
Event: 14.144 Thread 0x0000027c19ca6c00 3966       3       org.gradle.internal.instantiation.generator.AbstractClassGenerator::isEagerAttachProperty (33 bytes)
Event: 14.145 Thread 0x0000027c19ca6c00 nmethod 3966 0x0000027c03bf7890 code [0x0000027c03bf7b00, 0x0000027c03bf86f8]
Event: 14.145 Thread 0x0000027c19ca6c00 3969       3       org.gradle.model.internal.asm.MethodVisitorScope::_LDC (6 bytes)
Event: 14.146 Thread 0x0000027c19ca6c00 nmethod 3969 0x0000027c03bf8a90 code [0x0000027c03bf8c20, 0x0000027c03bf8d68]
Event: 14.146 Thread 0x0000027c19ca6c00 3970       3       org.objectweb.asm.MethodVisitor::visitLdcInsn (87 bytes)
Event: 14.146 Thread 0x0000027c19ca6c00 nmethod 3970 0x0000027c03bf8e10 code [0x0000027c03bf9040, 0x0000027c03bf9a48]
Event: 14.146 Thread 0x0000027c19ca6c00 3975       3       org.gradle.model.internal.asm.MethodVisitorScope::_INVOKEVIRTUAL (11 bytes)
Event: 14.146 Thread 0x0000027c19ca6c00 nmethod 3975 0x0000027c03bf9c90 code [0x0000027c03bf9e40, 0x0000027c03bfa0d8]
Event: 14.146 Thread 0x0000027c19ca6c00 3971       3       org.objectweb.asm.MethodWriter::visitLdcInsn (215 bytes)
Event: 14.147 Thread 0x0000027c19ca6c00 nmethod 3971 0x0000027c03bfa210 code [0x0000027c03bfa480, 0x0000027c03bfafa8]
Event: 14.148 Thread 0x0000027c19ca6c00 3972       3       org.gradle.internal.instantiation.generator.AbstractClassGenerator$PropertyMetadata$$Lambda$106/0x000000010025ee38::get (12 bytes)
Event: 14.148 Thread 0x0000027c19ca6c00 nmethod 3972 0x0000027c03bfb410 code [0x0000027c03bfb640, 0x0000027c03bfbea8]
Event: 14.148 Thread 0x0000027c19ca6c00 3973       3       org.gradle.internal.instantiation.generator.AbstractClassGenerator$PropertyMetadata::lambda$findAnnotation$1 (6 bytes)
Event: 14.149 Thread 0x0000027c19ca6c00 nmethod 3973 0x0000027c03bfc210 code [0x0000027c03bfc440, 0x0000027c03bfcc28]
Event: 14.149 Thread 0x0000027c19ca6c00 3974       3       org.gradle.internal.instantiation.generator.AbstractClassGenerator$PropertyMetadata::getterAnnotationOf (12 bytes)

GC Heap History (18 events):
Event: 0.910 GC heap before
{Heap before GC invocations=0 (full 0):
 garbage-first heap   total 262144K, used 26624K [0x0000000080000000, 0x0000000100000000)
  region size 1024K, 23 young (23552K), 0 survivors (0K)
 Metaspace       used 10255K, committed 10432K, reserved 1064960K
  class space    used 1058K, committed 1152K, reserved 1048576K
}
Event: 0.914 GC heap after
{Heap after GC invocations=1 (full 0):
 garbage-first heap   total 262144K, used 10554K [0x0000000080000000, 0x0000000100000000)
  region size 1024K, 3 young (3072K), 3 survivors (3072K)
 Metaspace       used 10255K, committed 10432K, reserved 1064960K
  class space    used 1058K, committed 1152K, reserved 1048576K
}
Event: 1.406 GC heap before
{Heap before GC invocations=1 (full 0):
 garbage-first heap   total 262144K, used 40250K [0x0000000080000000, 0x0000000100000000)
  region size 1024K, 32 young (32768K), 3 survivors (3072K)
 Metaspace       used 11203K, committed 11456K, reserved 1064960K
  class space    used 1162K, committed 1280K, reserved 1048576K
}
Event: 1.409 GC heap after
{Heap after GC invocations=2 (full 0):
 garbage-first heap   total 262144K, used 14685K [0x0000000080000000, 0x0000000100000000)
  region size 1024K, 4 young (4096K), 4 survivors (4096K)
 Metaspace       used 11203K, committed 11456K, reserved 1064960K
  class space    used 1162K, committed 1280K, reserved 1048576K
}
Event: 11.371 GC heap before
{Heap before GC invocations=2 (full 0):
 garbage-first heap   total 262144K, used 51549K [0x0000000080000000, 0x0000000100000000)
  region size 1024K, 41 young (41984K), 4 survivors (4096K)
 Metaspace       used 21229K, committed 21504K, reserved 1073152K
  class space    used 2580K, committed 2752K, reserved 1048576K
}
Event: 11.376 GC heap after
{Heap after GC invocations=3 (full 0):
 garbage-first heap   total 262144K, used 18459K [0x0000000080000000, 0x0000000100000000)
  region size 1024K, 8 young (8192K), 8 survivors (8192K)
 Metaspace       used 21229K, committed 21504K, reserved 1073152K
  class space    used 2580K, committed 2752K, reserved 1048576K
}
Event: 11.960 GC heap before
{Heap before GC invocations=4 (full 0):
 garbage-first heap   total 68608K, used 51227K [0x0000000080000000, 0x0000000100000000)
  region size 1024K, 40 young (40960K), 8 survivors (8192K)
 Metaspace       used 26135K, committed 26496K, reserved 1073152K
  class space    used 3436K, committed 3584K, reserved 1048576K
}
Event: 11.965 GC heap after
{Heap after GC invocations=5 (full 0):
 garbage-first heap   total 68608K, used 20545K [0x0000000080000000, 0x0000000100000000)
  region size 1024K, 3 young (3072K), 3 survivors (3072K)
 Metaspace       used 26135K, committed 26496K, reserved 1073152K
  class space    used 3436K, committed 3584K, reserved 1048576K
}
Event: 12.481 GC heap before
{Heap before GC invocations=5 (full 0):
 garbage-first heap   total 68608K, used 46145K [0x0000000080000000, 0x0000000100000000)
  region size 1024K, 28 young (28672K), 3 survivors (3072K)
 Metaspace       used 30108K, committed 30400K, reserved 1081344K
  class space    used 4091K, committed 4224K, reserved 1048576K
}
Event: 12.484 GC heap after
{Heap after GC invocations=6 (full 0):
 garbage-first heap   total 68608K, used 21587K [0x0000000080000000, 0x0000000100000000)
  region size 1024K, 4 young (4096K), 4 survivors (4096K)
 Metaspace       used 30108K, committed 30400K, reserved 1081344K
  class space    used 4091K, committed 4224K, reserved 1048576K
}
Event: 12.911 GC heap before
{Heap before GC invocations=6 (full 0):
 garbage-first heap   total 68608K, used 48211K [0x0000000080000000, 0x0000000100000000)
  region size 1024K, 30 young (30720K), 4 survivors (4096K)
 Metaspace       used 34554K, committed 34880K, reserved 1081344K
  class space    used 4773K, committed 4928K, reserved 1048576K
}
Event: 12.915 GC heap after
{Heap after GC invocations=7 (full 0):
 garbage-first heap   total 68608K, used 23362K [0x0000000080000000, 0x0000000100000000)
  region size 1024K, 4 young (4096K), 4 survivors (4096K)
 Metaspace       used 34554K, committed 34880K, reserved 1081344K
  class space    used 4773K, committed 4928K, reserved 1048576K
}
Event: 13.051 GC heap before
{Heap before GC invocations=7 (full 0):
 garbage-first heap   total 68608K, used 27458K [0x0000000080000000, 0x0000000100000000)
  region size 1024K, 9 young (9216K), 4 survivors (4096K)
 Metaspace       used 35621K, committed 35968K, reserved 1081344K
  class space    used 4877K, committed 5056K, reserved 1048576K
}
Event: 13.054 GC heap after
{Heap after GC invocations=8 (full 0):
 garbage-first heap   total 68608K, used 24107K [0x0000000080000000, 0x0000000100000000)
  region size 1024K, 3 young (3072K), 3 survivors (3072K)
 Metaspace       used 35621K, committed 35968K, reserved 1081344K
  class space    used 4877K, committed 5056K, reserved 1048576K
}
Event: 13.477 GC heap before
{Heap before GC invocations=9 (full 0):
 garbage-first heap   total 68608K, used 49707K [0x0000000080000000, 0x0000000100000000)
  region size 1024K, 29 young (29696K), 3 survivors (3072K)
 Metaspace       used 40379K, committed 40704K, reserved 1089536K
  class space    used 5357K, committed 5504K, reserved 1048576K
}
Event: 13.481 GC heap after
{Heap after GC invocations=10 (full 0):
 garbage-first heap   total 68608K, used 27789K [0x0000000080000000, 0x0000000100000000)
  region size 1024K, 4 young (4096K), 4 survivors (4096K)
 Metaspace       used 40379K, committed 40704K, reserved 1089536K
  class space    used 5357K, committed 5504K, reserved 1048576K
}
Event: 13.817 GC heap before
{Heap before GC invocations=10 (full 0):
 garbage-first heap   total 68608K, used 54413K [0x0000000080000000, 0x0000000100000000)
  region size 1024K, 27 young (27648K), 4 survivors (4096K)
 Metaspace       used 42559K, committed 43008K, reserved 1089536K
  class space    used 5568K, committed 5760K, reserved 1048576K
}
Event: 13.821 GC heap after
{Heap after GC invocations=11 (full 0):
 garbage-first heap   total 68608K, used 30170K [0x0000000080000000, 0x0000000100000000)
  region size 1024K, 3 young (3072K), 3 survivors (3072K)
 Metaspace       used 42559K, committed 43008K, reserved 1089536K
  class space    used 5568K, committed 5760K, reserved 1048576K
}

Dll operation events (2 events):
Event: 0.012 Loaded shared library E:\program files\Android\jbr\bin\java.dll
Event: 0.502 Loaded shared library E:\program files\Android\jbr\bin\verify.dll

Deoptimization events (20 events):
Event: 13.603 Thread 0x0000027c1a3cca00 Uncommon trap: trap_request=0xffffffde fr.pc=0x0000027c0b08a50c relative=0x000000000000042c
Event: 13.603 Thread 0x0000027c1a3cca00 Uncommon trap: reason=class_check action=maybe_recompile pc=0x0000027c0b08a50c method=java.util.regex.Pattern$Start.match(Ljava/util/regex/Matcher;ILjava/lang/CharSequence;)Z @ 44 c2
Event: 13.603 Thread 0x0000027c1a3cca00 DEOPT PACKING pc=0x0000027c0b08a50c sp=0x0000008fa37f92e0
Event: 13.603 Thread 0x0000027c1a3cca00 DEOPT UNPACKING pc=0x0000027c0a9869a3 sp=0x0000008fa37f9220 mode 2
Event: 13.603 Thread 0x0000027c1a3cca00 Uncommon trap: trap_request=0xffffffde fr.pc=0x0000027c0b08b0a4 relative=0x00000000000002e4
Event: 13.603 Thread 0x0000027c1a3cca00 Uncommon trap: reason=class_check action=maybe_recompile pc=0x0000027c0b08b0a4 method=java.util.regex.Pattern$Start.match(Ljava/util/regex/Matcher;ILjava/lang/CharSequence;)Z @ 44 c2
Event: 13.603 Thread 0x0000027c1a3cca00 DEOPT PACKING pc=0x0000027c0b08b0a4 sp=0x0000008fa37f9260
Event: 13.603 Thread 0x0000027c1a3cca00 DEOPT UNPACKING pc=0x0000027c0a9869a3 sp=0x0000008fa37f9220 mode 2
Event: 13.961 Thread 0x0000027c1a3cca00 Uncommon trap: trap_request=0xffffffde fr.pc=0x0000027c0b0a9664 relative=0x0000000000000924
Event: 13.961 Thread 0x0000027c1a3cca00 Uncommon trap: reason=class_check action=maybe_recompile pc=0x0000027c0b0a9664 method=java.util.WeakHashMap.matchesKey(Ljava/util/WeakHashMap$Entry;Ljava/lang/Object;)Z @ 21 c2
Event: 13.961 Thread 0x0000027c1a3cca00 DEOPT PACKING pc=0x0000027c0b0a9664 sp=0x0000008fa37f71f0
Event: 13.962 Thread 0x0000027c1a3cca00 DEOPT UNPACKING pc=0x0000027c0a9869a3 sp=0x0000008fa37f7150 mode 2
Event: 14.002 Thread 0x0000027c1a3cca00 Uncommon trap: trap_request=0xffffff45 fr.pc=0x0000027c0b0707b0 relative=0x0000000000000110
Event: 14.002 Thread 0x0000027c1a3cca00 Uncommon trap: reason=unstable_if action=reinterpret pc=0x0000027c0b0707b0 method=java.util.Arrays.hashCode([Ljava/lang/Object;)I @ 34 c2
Event: 14.002 Thread 0x0000027c1a3cca00 DEOPT PACKING pc=0x0000027c0b0707b0 sp=0x0000008fa37f8ee0
Event: 14.002 Thread 0x0000027c1a3cca00 DEOPT UNPACKING pc=0x0000027c0a9869a3 sp=0x0000008fa37f8e58 mode 2
Event: 14.133 Thread 0x0000027c1a3cca00 Uncommon trap: trap_request=0xffffffc6 fr.pc=0x0000027c0b0cffc8 relative=0x00000000000003c8
Event: 14.133 Thread 0x0000027c1a3cca00 Uncommon trap: reason=bimorphic_or_optimized_type_check action=maybe_recompile pc=0x0000027c0b0cffc8 method=java.util.stream.AbstractPipeline.copyIntoWithCancel(Ljava/util/stream/Sink;Ljava/util/Spliterator;)Z @ 24 c2
Event: 14.133 Thread 0x0000027c1a3cca00 DEOPT PACKING pc=0x0000027c0b0cffc8 sp=0x0000008fa37f7ca0
Event: 14.133 Thread 0x0000027c1a3cca00 DEOPT UNPACKING pc=0x0000027c0a9869a3 sp=0x0000008fa37f7b48 mode 2

Classes unloaded (0 events):
No events

Classes redefined (0 events):
No events

Internal exceptions (20 events):
Event: 13.946 Thread 0x0000027c1a3cca00 Exception <a 'java/lang/ClassNotFoundException'{0x000000008cfa54c8}: org/gradle/api/initialization/resolve/RepositoriesModeCustomizer> (0x000000008cfa54c8) 
thrown [s\src\hotspot\share\classfile\systemDictionary.cpp, line 256]
Event: 13.959 Thread 0x0000027c1a3cca00 Exception <a 'java/lang/ClassNotFoundException'{0x0000000083913e18}: org/gradle/api/internal/provider/DefaultPropertyBeanInfo> (0x0000000083913e18) 
thrown [s\src\hotspot\share\classfile\systemDictionary.cpp, line 256]
Event: 13.960 Thread 0x0000027c1a3cca00 Exception <a 'java/lang/ClassNotFoundException'{0x0000000083925030}: org/gradle/api/internal/provider/AbstractPropertyBeanInfo> (0x0000000083925030) 
thrown [s\src\hotspot\share\classfile\systemDictionary.cpp, line 256]
Event: 13.960 Thread 0x0000027c1a3cca00 Exception <a 'java/lang/ClassNotFoundException'{0x0000000083936b20}: org/gradle/api/internal/provider/AbstractMinimalProviderBeanInfo> (0x0000000083936b20) 
thrown [s\src\hotspot\share\classfile\systemDictionary.cpp, line 256]
Event: 13.961 Thread 0x0000027c1a3cca00 Exception <a 'java/lang/ClassNotFoundException'{0x0000000083947e48}: org/gradle/api/internal/provider/AbstractMinimalProviderCustomizer> (0x0000000083947e48) 
thrown [s\src\hotspot\share\classfile\systemDictionary.cpp, line 256]
Event: 13.964 Thread 0x0000027c1a3cca00 Exception <a 'java/lang/ClassNotFoundException'{0x0000000083972200}: org/gradle/api/internal/provider/AbstractPropertyCustomizer> (0x0000000083972200) 
thrown [s\src\hotspot\share\classfile\systemDictionary.cpp, line 256]
Event: 13.965 Thread 0x0000027c1a3cca00 Exception <a 'java/lang/ClassNotFoundException'{0x000000008398efd8}: org/gradle/api/internal/provider/DefaultPropertyCustomizer> (0x000000008398efd8) 
thrown [s\src\hotspot\share\classfile\systemDictionary.cpp, line 256]
Event: 13.979 Thread 0x0000027c1a3cca00 Exception <a 'java/lang/ClassNotFoundException'{0x0000000083864110}: org/gradle/api/internal/artifacts/repositories/DefaultMavenArtifactRepository_DecoratedBeanInfo> (0x0000000083864110) 
thrown [s\src\hotspot\share\classfile\systemDictionary.cpp, line 256]
Event: 13.979 Thread 0x0000027c1a3cca00 Exception <a 'java/lang/ClassNotFoundException'{0x000000008387d070}: org/gradle/api/internal/artifacts/repositories/DefaultMavenArtifactRepositoryBeanInfo> (0x000000008387d070) 
thrown [s\src\hotspot\share\classfile\systemDictionary.cpp, line 256]
Event: 13.980 Thread 0x0000027c1a3cca00 Exception <a 'java/lang/ClassNotFoundException'{0x0000000083896158}: org/gradle/api/internal/artifacts/repositories/AbstractAuthenticationSupportedRepositoryBeanInfo> (0x0000000083896158) 
thrown [s\src\hotspot\share\classfile\systemDictionary.cpp, line 256]
Event: 13.981 Thread 0x0000027c1a3cca00 Exception <a 'java/lang/ClassNotFoundException'{0x00000000838af250}: org/gradle/api/internal/artifacts/repositories/AbstractResolutionAwareArtifactRepositoryBeanInfo> (0x00000000838af250) 
thrown [s\src\hotspot\share\classfile\systemDictionary.cpp, line 256]
Event: 13.981 Thread 0x0000027c1a3cca00 Exception <a 'java/lang/ClassNotFoundException'{0x00000000838c8280}: org/gradle/api/internal/artifacts/repositories/AbstractArtifactRepositoryBeanInfo> (0x00000000838c8280) 
thrown [s\src\hotspot\share\classfile\systemDictionary.cpp, line 256]
Event: 13.982 Thread 0x0000027c1a3cca00 Exception <a 'java/lang/ClassNotFoundException'{0x00000000838e1048}: org/gradle/api/internal/artifacts/repositories/AbstractArtifactRepositoryCustomizer> (0x00000000838e1048) 
thrown [s\src\hotspot\share\classfile\systemDictionary.cpp, line 256]
Event: 13.984 Thread 0x0000027c1a3cca00 Exception <a 'java/lang/ClassNotFoundException'{0x0000000083715fa8}: org/gradle/api/internal/artifacts/repositories/AbstractResolutionAwareArtifactRepositoryCustomizer> (0x0000000083715fa8) 
thrown [s\src\hotspot\share\classfile\systemDictionary.cpp, line 256]
Event: 13.986 Thread 0x0000027c1a3cca00 Exception <a 'java/lang/ClassNotFoundException'{0x0000000083737b20}: org/gradle/api/internal/artifacts/repositories/AbstractAuthenticationSupportedRepositoryCustomizer> (0x0000000083737b20) 
thrown [s\src\hotspot\share\classfile\systemDictionary.cpp, line 256]
Event: 13.988 Thread 0x0000027c1a3cca00 Exception <a 'java/lang/ClassNotFoundException'{0x00000000837629f0}: org/gradle/api/internal/artifacts/repositories/DefaultMavenArtifactRepositoryCustomizer> (0x00000000837629f0) 
thrown [s\src\hotspot\share\classfile\systemDictionary.cpp, line 256]
Event: 13.990 Thread 0x0000027c1a3cca00 Exception <a 'java/lang/ClassNotFoundException'{0x0000000083798048}: org/gradle/api/internal/artifacts/repositories/DefaultMavenArtifactRepository_DecoratedCustomizer> (0x0000000083798048) 
thrown [s\src\hotspot\share\classfile\systemDictionary.cpp, line 256]
Event: 13.998 Thread 0x0000027c1a3cca00 Exception <a 'java/lang/ClassNotFoundException'{0x0000000083624650}: org/gradle/initialization/DefaultProjectDescriptorBeanInfo> (0x0000000083624650) 
thrown [s\src\hotspot\share\classfile\systemDictionary.cpp, line 256]
Event: 13.999 Thread 0x0000027c1a3cca00 Exception <a 'java/lang/ClassNotFoundException'{0x0000000083632b40}: org/gradle/initialization/DefaultProjectDescriptorCustomizer> (0x0000000083632b40) 
thrown [s\src\hotspot\share\classfile\systemDictionary.cpp, line 256]
Event: 14.002 Thread 0x0000027c1a3cca00 Implicit null exception at 0x0000027c0b0706ec to 0x0000027c0b070794

VM Operations (20 events):
Event: 13.322 Executing VM operation: HandshakeAllThreads
Event: 13.322 Executing VM operation: HandshakeAllThreads done
Event: 13.322 Executing VM operation: HandshakeAllThreads
Event: 13.322 Executing VM operation: HandshakeAllThreads done
Event: 13.327 Executing VM operation: HandshakeAllThreads
Event: 13.328 Executing VM operation: HandshakeAllThreads done
Event: 13.332 Executing VM operation: HandshakeAllThreads
Event: 13.333 Executing VM operation: HandshakeAllThreads done
Event: 13.343 Executing VM operation: HandshakeAllThreads
Event: 13.343 Executing VM operation: HandshakeAllThreads done
Event: 13.413 Executing VM operation: HandshakeAllThreads
Event: 13.413 Executing VM operation: HandshakeAllThreads done
Event: 13.477 Executing VM operation: G1CollectForAllocation
Event: 13.481 Executing VM operation: G1CollectForAllocation done
Event: 13.746 Executing VM operation: ICBufferFull
Event: 13.746 Executing VM operation: ICBufferFull done
Event: 13.817 Executing VM operation: G1CollectForAllocation
Event: 13.821 Executing VM operation: G1CollectForAllocation done
Event: 14.120 Executing VM operation: HandshakeAllThreads
Event: 14.120 Executing VM operation: HandshakeAllThreads done

Events (20 events):
Event: 13.944 loading class java/lang/EnumBeanInfo done
Event: 13.944 loading class java/lang/EnumBeanInfo
Event: 13.944 loading class java/lang/EnumBeanInfo done
Event: 13.944 loading class java/lang/EnumCustomizer
Event: 13.944 loading class java/lang/EnumCustomizer done
Event: 13.944 loading class java/lang/EnumCustomizer
Event: 13.944 loading class java/lang/EnumCustomizer done
Event: 14.002 loading class jdk/internal/math/FDBigInteger
Event: 14.003 loading class jdk/internal/math/FDBigInteger done
Event: 14.012 loading class java/util/zip/GZIPOutputStream
Event: 14.013 loading class java/util/zip/GZIPOutputStream done
Event: 14.013 loading class java/util/zip/GZIPInputStream
Event: 14.013 loading class java/util/zip/GZIPInputStream done
Event: 14.017 loading class java/lang/ThreadLocal$SuppliedThreadLocal
Event: 14.017 loading class java/lang/ThreadLocal$SuppliedThreadLocal done
Event: 14.047 Thread 0x0000027c1dc00c10 Thread added: 0x0000027c1dc00c10
Event: 14.101 loading class java/nio/file/AtomicMoveNotSupportedException
Event: 14.101 loading class java/nio/file/AtomicMoveNotSupportedException done
Event: 14.120 loading class java/io/FileWriter
Event: 14.120 loading class java/io/FileWriter done


Dynamic libraries:
0x00007ff65fb20000 - 0x00007ff65fb2a000 	E:\program files\Android\jbr\bin\java.exe
0x00007ff837b50000 - 0x00007ff837d67000 	C:\WINDOWS\SYSTEM32\ntdll.dll
0x00007ff830440000 - 0x00007ff830459000 	C:\Program Files\AVG\Antivirus\aswhook.dll
0x00007ff837430000 - 0x00007ff8374f4000 	C:\WINDOWS\System32\KERNEL32.DLL
0x00007ff8354f0000 - 0x00007ff835895000 	C:\WINDOWS\System32\KERNELBASE.dll
0x00007ff8352b0000 - 0x00007ff8353c1000 	C:\WINDOWS\System32\ucrtbase.dll
0x00007ff817ee0000 - 0x00007ff817ef7000 	E:\program files\Android\jbr\bin\jli.dll
0x00007ff825de0000 - 0x00007ff825dfb000 	E:\program files\Android\jbr\bin\VCRUNTIME140.dll
0x00007ff836e10000 - 0x00007ff836fbe000 	C:\WINDOWS\System32\USER32.dll
0x00007ff835140000 - 0x00007ff835166000 	C:\WINDOWS\System32\win32u.dll
0x00007ff8379f0000 - 0x00007ff837a19000 	C:\WINDOWS\System32\GDI32.dll
0x00007ff80f160000 - 0x00007ff80f3f3000 	C:\WINDOWS\WinSxS\amd64_microsoft.windows.common-controls_6595b64144ccf1df_6.0.22621.2506_none_270c5ae97388e100\COMCTL32.dll
0x00007ff8353d0000 - 0x00007ff8354e9000 	C:\WINDOWS\System32\gdi32full.dll
0x00007ff837590000 - 0x00007ff837637000 	C:\WINDOWS\System32\msvcrt.dll
0x00007ff834f30000 - 0x00007ff834fca000 	C:\WINDOWS\System32\msvcp_win.dll
0x00007ff836440000 - 0x00007ff836471000 	C:\WINDOWS\System32\IMM32.DLL
0x00007ff825dd0000 - 0x00007ff825ddc000 	E:\program files\Android\jbr\bin\vcruntime140_1.dll
0x00007ff817410000 - 0x00007ff81749d000 	E:\program files\Android\jbr\bin\msvcp140.dll
0x00007fff9ea10000 - 0x00007fff9f67e000 	E:\program files\Android\jbr\bin\server\jvm.dll
0x00007ff836d50000 - 0x00007ff836e01000 	C:\WINDOWS\System32\ADVAPI32.dll
0x00007ff8358a0000 - 0x00007ff835946000 	C:\WINDOWS\System32\sechost.dll
0x00007ff8378d0000 - 0x00007ff8379e7000 	C:\WINDOWS\System32\RPCRT4.dll
0x00007ff81f330000 - 0x00007ff81f339000 	C:\WINDOWS\SYSTEM32\WSOCK32.dll
0x00007ff82e490000 - 0x00007ff82e49a000 	C:\WINDOWS\SYSTEM32\VERSION.dll
0x00007ff82db70000 - 0x00007ff82dba4000 	C:\WINDOWS\SYSTEM32\WINMM.dll
0x00007ff837a90000 - 0x00007ff837b01000 	C:\WINDOWS\System32\WS2_32.dll
0x00007ff833f10000 - 0x00007ff833f28000 	C:\WINDOWS\SYSTEM32\kernel.appcore.dll
0x00007ff82d700000 - 0x00007ff82d70a000 	E:\program files\Android\jbr\bin\jimage.dll
0x00007ff82a9e0000 - 0x00007ff82ac13000 	C:\WINDOWS\SYSTEM32\DBGHELP.DLL
0x00007ff835990000 - 0x00007ff835d19000 	C:\WINDOWS\System32\combase.dll
0x00007ff836360000 - 0x00007ff836437000 	C:\WINDOWS\System32\OLEAUT32.dll
0x00007ff827640000 - 0x00007ff827672000 	C:\WINDOWS\SYSTEM32\dbgcore.DLL
0x00007ff835170000 - 0x00007ff8351ea000 	C:\WINDOWS\System32\bcryptPrimitives.dll
0x00007ff81e7b0000 - 0x00007ff81e7d5000 	E:\program files\Android\jbr\bin\java.dll
0x00007ff826710000 - 0x00007ff826728000 	E:\program files\Android\jbr\bin\zip.dll
0x00007ff836480000 - 0x00007ff836cd9000 	C:\WINDOWS\System32\SHELL32.dll
0x00007ff832da0000 - 0x00007ff833694000 	C:\WINDOWS\SYSTEM32\windows.storage.dll
0x00007ff832c60000 - 0x00007ff832d9e000 	C:\WINDOWS\SYSTEM32\wintypes.dll
0x00007ff8376d0000 - 0x00007ff8377c3000 	C:\WINDOWS\System32\SHCORE.dll
0x00007ff837a20000 - 0x00007ff837a7e000 	C:\WINDOWS\System32\shlwapi.dll
0x00007ff834df0000 - 0x00007ff834e16000 	C:\WINDOWS\SYSTEM32\profapi.dll
0x00007ff823920000 - 0x00007ff823939000 	E:\program files\Android\jbr\bin\net.dll
0x00007ff82da30000 - 0x00007ff82db67000 	C:\WINDOWS\SYSTEM32\WINHTTP.dll
0x00007ff8343e0000 - 0x00007ff834449000 	C:\WINDOWS\system32\mswsock.dll
0x00007ff8210a0000 - 0x00007ff8210b6000 	E:\program files\Android\jbr\bin\nio.dll
0x00007ff825750000 - 0x00007ff825760000 	E:\program files\Android\jbr\bin\verify.dll
0x00007ff814820000 - 0x00007ff814847000 	C:\Users\cazterk\.gradle\native\68d5fa5c4cc2d200863cafc0d521ce42e7d3e7ee720ec0a83991735586a16f82\windows-amd64\native-platform.dll
0x00007ff814d70000 - 0x00007ff814eb4000 	C:\Users\cazterk\.gradle\native\e376f236ea51e6404a007f0833ffe2c6e607c4080706a723a18a27aeea778392\windows-amd64\native-platform-file-events.dll
0x00007ff826190000 - 0x00007ff826199000 	E:\program files\Android\jbr\bin\management.dll
0x00007ff825950000 - 0x00007ff82595b000 	E:\program files\Android\jbr\bin\management_ext.dll
0x00007ff837a80000 - 0x00007ff837a88000 	C:\WINDOWS\System32\PSAPI.DLL
0x00007ff834730000 - 0x00007ff83474b000 	C:\WINDOWS\SYSTEM32\CRYPTSP.dll
0x00007ff833ed0000 - 0x00007ff833f05000 	C:\WINDOWS\system32\rsaenh.dll
0x00007ff834480000 - 0x00007ff8344ac000 	C:\WINDOWS\SYSTEM32\USERENV.dll
0x00007ff834870000 - 0x00007ff834898000 	C:\WINDOWS\SYSTEM32\bcrypt.dll
0x00007ff834710000 - 0x00007ff83471c000 	C:\WINDOWS\SYSTEM32\CRYPTBASE.dll
0x00007ff8339b0000 - 0x00007ff8339dd000 	C:\WINDOWS\SYSTEM32\IPHLPAPI.DLL
0x00007ff8371d0000 - 0x00007ff8371d9000 	C:\WINDOWS\System32\NSI.dll
0x00007ff82d860000 - 0x00007ff82d879000 	C:\WINDOWS\SYSTEM32\dhcpcsvc6.DLL
0x00007ff82d780000 - 0x00007ff82d79f000 	C:\WINDOWS\SYSTEM32\dhcpcsvc.DLL
0x00007ff8339e0000 - 0x00007ff833ad9000 	C:\WINDOWS\SYSTEM32\DNSAPI.dll
0x00007ff824ef0000 - 0x00007ff824ef8000 	C:\WINDOWS\system32\wshunix.dll

dbghelp: loaded successfully - version: 4.0.5 - missing functions: none
symbol engine: initialized successfully - sym options: 0x614 - pdb path: .;E:\program files\Android\jbr\bin;C:\WINDOWS\SYSTEM32;C:\Program Files\AVG\Antivirus;C:\WINDOWS\WinSxS\amd64_microsoft.windows.common-controls_6595b64144ccf1df_6.0.22621.2506_none_270c5ae97388e100;E:\program files\Android\jbr\bin\server;C:\Users\cazterk\.gradle\native\68d5fa5c4cc2d200863cafc0d521ce42e7d3e7ee720ec0a83991735586a16f82\windows-amd64;C:\Users\cazterk\.gradle\native\e376f236ea51e6404a007f0833ffe2c6e607c4080706a723a18a27aeea778392\windows-amd64

VM Arguments:
jvm_args: --add-opens=java.base/java.util=ALL-UNNAMED --add-opens=java.base/java.lang=ALL-UNNAMED --add-opens=java.base/java.lang.invoke=ALL-UNNAMED --add-opens=java.prefs/java.util.prefs=ALL-UNNAMED --add-opens=java.base/java.nio.charset=ALL-UNNAMED --add-opens=java.base/java.net=ALL-UNNAMED --add-opens=java.base/java.util.concurrent.atomic=ALL-UNNAMED -Xmx2048m -Dfile.encoding=UTF-8 -Duser.country=US -Duser.language=en -Duser.variant 
java_command: org.gradle.launcher.daemon.bootstrap.GradleDaemon 8.0
java_class_path (initial): C:\Users\cazterk\.gradle\wrapper\dists\gradle-8.0-bin\ca5e32bp14vu59qr306oxotwh\gradle-8.0\lib\gradle-launcher-8.0.jar
Launcher Type: SUN_STANDARD

[Global flags]
     intx CICompilerCount                          = 4                                         {product} {ergonomic}
     uint ConcGCThreads                            = 3                                         {product} {ergonomic}
     uint G1ConcRefinementThreads                  = 10                                        {product} {ergonomic}
   size_t G1HeapRegionSize                         = 1048576                                   {product} {ergonomic}
    uintx GCDrainStackTargetSize                   = 64                                        {product} {ergonomic}
   size_t InitialHeapSize                          = 268435456                                 {product} {ergonomic}
   size_t MarkStackSize                            = 4194304                                   {product} {ergonomic}
   size_t MaxHeapSize                              = 2147483648                                {product} {command line}
   size_t MaxNewSize                               = 1287651328                                {product} {ergonomic}
   size_t MinHeapDeltaBytes                        = 1048576                                   {product} {ergonomic}
   size_t MinHeapSize                              = 8388608                                   {product} {ergonomic}
    uintx NonNMethodCodeHeapSize                   = 5839372                                {pd product} {ergonomic}
    uintx NonProfiledCodeHeapSize                  = 122909434                              {pd product} {ergonomic}
    uintx ProfiledCodeHeapSize                     = 122909434                              {pd product} {ergonomic}
    uintx ReservedCodeCacheSize                    = 251658240                              {pd product} {ergonomic}
     bool SegmentedCodeCache                       = true                                      {product} {ergonomic}
   size_t SoftMaxHeapSize                          = 2147483648                             {manageable} {ergonomic}
     bool UseCompressedClassPointers               = true                           {product lp64_product} {ergonomic}
     bool UseCompressedOops                        = true                           {product lp64_product} {ergonomic}
     bool UseG1GC                                  = true                                      {product} {ergonomic}
     bool UseLargePagesIndividualAllocation        = false                                  {pd product} {ergonomic}

Logging:
Log output configuration:
 #0: stdout all=warning uptime,level,tags
 #1: stderr all=off uptime,level,tags

Environment Variables:
JAVA_HOME=C:\Program Files\Java\jdk-20
PATH=C:\Program Files\Common Files\Oracle\Java\javapath;C:\Windows\system32;C:\Windows;C:\Windows\System32\Wbem;C:\Windows\System32\WindowsPowerShell\v1.0\;C:\Windows\System32\OpenSSH\;C:\Program Files\Git\cmd;C:\Program Files\dotnet\;C:\ProgramData\chocolatey\bin;C:\Program Files\PowerShell\7\;C:\WINDOWS\system32;C:\WINDOWS;C:\WINDOWS\System32\Wbem;C:\WINDOWS\System32\WindowsPowerShell\v1.0\;C:\WINDOWS\System32\OpenSSH\;E:\program files\xampp\php;C:\ProgramData\ComposerSetup\bin;C:\Program Files\nodejs\;C:\Users\cazterk\.cargo\bin;C:\Users\cazterk\AppData\Local\Programs\Microsoft VS Code\bin;C:\Program Files\heroku\bin;C:\Users\cazterk\.dotnet\tools;E:\program files\IntelliJ IDEA Community Edition 2022.2.4\bin;C:\Users\cazterk\AppData\Local\GitHubDesktop\bin;C:\Users\cazterk\AppData\Local\Microsoft\WindowsApps;C:\Users\cazterk\AppData\Roaming\Composer\vendor\bin;C:\Users\cazterk\AppData\Roaming\npm;E:\program files\IntelliJ IDEA Community Edition 2023.2.1\bin;C:\Program Files ;C:\Users\cazterk\.console-ninja\.bin;C:\Users\cazterk\.cargo\bin;C:\Users\cazterk\AppData\Local\Programs\Microsoft VS Code\bin;C:\Program Files\heroku\bin;C:\Users\cazterk\.dotnet\tools;E:\program files\IntelliJ IDEA Community Edition 2022.2.4\bin;C:\Users\cazterk\AppData\Local\GitHubDesktop\bin;C:\Users\cazterk\AppData\Local\Microsoft\WindowsApps;C:\Users\cazterk\AppData\Roaming\Composer\vendor\bin;C:\Users\cazterk\AppData\Roaming\npm;E:\program files\IntelliJ IDEA Community Edition 2023.2.1\bin;C:\Program Files (x86)\MongoDB Atlas CLI\;C:\Program Files\mongosh-1.10.6-win32-x64\bin;C:\Program Files\MongoDB\Tools\100\bin;C:\android_sdk\platform-tools;C:\Users\cazterk\AppData\Local\Android\Sdk\cmdline-tools\latest\bin;C:\Program Files\Java\jdk-20\bin;
USERNAME=cazterk
OS=Windows_NT
PROCESSOR_IDENTIFIER=AMD64 Family 23 Model 8 Stepping 2, AuthenticAMD
TMP=C:\Users\cazterk\AppData\Local\Temp
TEMP=C:\Users\cazterk\AppData\Local\Temp


JNI global refs:
JNI global refs: 25, weak refs: 1

JNI global refs memory usage: 843, weak refs: 841


---------------  S Y S T E M  ---------------

OS:
 Windows 11 , 64 bit Build 22621 (10.0.22621.2506)
OS uptime: 1 days 13:29 hours
Hyper-V role detected

CPU: total 12 (initial active 12) (12 cores per cpu, 2 threads per core) family 23 model 8 stepping 2 microcode 0x0, cx8, cmov, fxsr, ht, mmx, 3dnowpref, sse, sse2, sse3, ssse3, sse4a, sse4.1, sse4.2, popcnt, lzcnt, tsc, tscinvbit, avx, avx2, aes, clmul, bmi1, bmi2, adx, sha, fma, vzeroupper, clflush, clflushopt, hv

Memory: 4k page, system-wide physical 16310M (886M free)
TotalPageFile size 29160M (AvailPageFile size 38M)
current process WorkingSet (physical memory assigned to process): 236M, peak: 239M
current process commit charge ("private bytes"): 274M, peak: 398M

vm_info: OpenJDK 64-Bit Server VM (17.0.6+0-b2043.56-10027231) for windows-amd64 JRE (17.0.6+0-b2043.56-10027231), built on Apr 28 2023 00:43:19 by "androidbuild" with MS VC++ 16.10 / 16.11 (VS2019)

END.
